c:\temp\pointers\pointers\debug\vc141.pdb
c:\temp\pointers\pointers\debug\vc141.idb
c:\temp\pointers\pointers\debug\pointers.obj
c:\temp\pointers\debug\pointers.pdb
c:\temp\pointers\pointers\debug\pointers.tlog\cl.command.1.tlog
c:\temp\pointers\pointers\debug\pointers.tlog\cl.read.1.tlog
c:\temp\pointers\pointers\debug\pointers.tlog\cl.write.1.tlog
c:\temp\pointers\pointers\debug\pointers.tlog\link-cvtres.read.1.tlog
c:\temp\pointers\pointers\debug\pointers.tlog\link-cvtres.write.1.tlog
c:\temp\pointers\pointers\debug\pointers.tlog\link-rc.read.1.tlog
c:\temp\pointers\pointers\debug\pointers.tlog\link-rc.write.1.tlog
c:\temp\pointers\pointers\debug\pointers.tlog\link.6920-cvtres.read.1.tlog
c:\temp\pointers\pointers\debug\pointers.tlog\link.6920-cvtres.write.1.tlog
c:\temp\pointers\pointers\debug\pointers.tlog\link.6920-rc.read.1.tlog
c:\temp\pointers\pointers\debug\pointers.tlog\link.6920-rc.write.1.tlog
c:\temp\pointers\pointers\debug\pointers.tlog\link.6920.read.1.tlog
c:\temp\pointers\pointers\debug\pointers.tlog\link.6920.write.1.tlog
c:\temp\pointers\pointers\debug\pointers.tlog\link.command.1.tlog
c:\temp\pointers\pointers\debug\pointers.tlog\link.read.1.tlog
c:\temp\pointers\pointers\debug\pointers.tlog\link.write.1.tlog
